  Database.cpp
C:\Users\user\Dropbox\Мой ПК (WIN-9HVOQM4TUNA)\Desktop\CppLab3\Lab3\Employee.h(9,12): error C2374: Records::kDefaultStartingSalary: переопределение; множественная инициализация
C:\Users\user\Dropbox\Мой ПК (WIN-9HVOQM4TUNA)\Desktop\CppLab3\Lab3\Employee.h(9,12): message : см. объявление "Records::kDefaultStartingSalary"
C:\Users\user\Dropbox\Мой ПК (WIN-9HVOQM4TUNA)\Desktop\CppLab3\Lab3\Employee.h(11,11): error C2011: Records::Sex: переопределение типа "enum"
C:\Users\user\Dropbox\Мой ПК (WIN-9HVOQM4TUNA)\Desktop\CppLab3\Lab3\Employee.h(11,7): message : см. объявление "Records::Sex"
C:\Users\user\Dropbox\Мой ПК (WIN-9HVOQM4TUNA)\Desktop\CppLab3\Lab3\Employee.h(16,20): error C2011: Records::PositionCode: переопределение типа "enum"
C:\Users\user\Dropbox\Мой ПК (WIN-9HVOQM4TUNA)\Desktop\CppLab3\Lab3\Employee.h(16,7): message : см. объявление "Records::PositionCode"
C:\Users\user\Dropbox\Мой ПК (WIN-9HVOQM4TUNA)\Desktop\CppLab3\Lab3\Employee.h(23,2): error C2011: Records::Employee: переопределение типа "class"
C:\Users\user\Dropbox\Мой ПК (WIN-9HVOQM4TUNA)\Desktop\CppLab3\Lab3\Employee.h(22,8): message : см. объявление "Records::Employee"
C:\Users\user\Dropbox\Мой ПК (WIN-9HVOQM4TUNA)\Desktop\CppLab3\Lab3\Database.cpp(35,14): error C2027: использование неопределенного типа "Records::Employee"
C:\Users\user\Dropbox\Мой ПК (WIN-9HVOQM4TUNA)\Desktop\CppLab3\Lab3\Employee.h(22,8): message : см. объявление "Records::Employee"
C:\Users\user\Dropbox\Мой ПК (WIN-9HVOQM4TUNA)\Desktop\CppLab3\Lab3\Database.cpp(36,14): error C2027: использование неопределенного типа "Records::Employee"
C:\Users\user\Dropbox\Мой ПК (WIN-9HVOQM4TUNA)\Desktop\CppLab3\Lab3\Employee.h(22,8): message : см. объявление "Records::Employee"
C:\Users\user\Dropbox\Мой ПК (WIN-9HVOQM4TUNA)\Desktop\CppLab3\Lab3\Database.cpp(37,14): error C2027: использование неопределенного типа "Records::Employee"
C:\Users\user\Dropbox\Мой ПК (WIN-9HVOQM4TUNA)\Desktop\CppLab3\Lab3\Employee.h(22,8): message : см. объявление "Records::Employee"
C:\Users\user\Dropbox\Мой ПК (WIN-9HVOQM4TUNA)\Desktop\CppLab3\Lab3\Database.cpp(38,14): error C2027: использование неопределенного типа "Records::Employee"
C:\Users\user\Dropbox\Мой ПК (WIN-9HVOQM4TUNA)\Desktop\CppLab3\Lab3\Employee.h(22,8): message : см. объявление "Records::Employee"
C:\Users\user\Dropbox\Мой ПК (WIN-9HVOQM4TUNA)\Desktop\CppLab3\Lab3\Database.cpp(39,14): error C2027: использование неопределенного типа "Records::Employee"
C:\Users\user\Dropbox\Мой ПК (WIN-9HVOQM4TUNA)\Desktop\CppLab3\Lab3\Employee.h(22,8): message : см. объявление "Records::Employee"
C:\Users\user\Dropbox\Мой ПК (WIN-9HVOQM4TUNA)\Desktop\CppLab3\Lab3\Database.cpp(40,14): error C2027: использование неопределенного типа "Records::Employee"
C:\Users\user\Dropbox\Мой ПК (WIN-9HVOQM4TUNA)\Desktop\CppLab3\Lab3\Employee.h(22,8): message : см. объявление "Records::Employee"
C:\Users\user\Dropbox\Мой ПК (WIN-9HVOQM4TUNA)\Desktop\CppLab3\Lab3\Database.cpp(41,14): error C2027: использование неопределенного типа "Records::Employee"
C:\Users\user\Dropbox\Мой ПК (WIN-9HVOQM4TUNA)\Desktop\CppLab3\Lab3\Employee.h(22,8): message : см. объявление "Records::Employee"
C:\Users\user\Dropbox\Мой ПК (WIN-9HVOQM4TUNA)\Desktop\CppLab3\Lab3\Database.cpp(42,14): error C2027: использование неопределенного типа "Records::Employee"
C:\Users\user\Dropbox\Мой ПК (WIN-9HVOQM4TUNA)\Desktop\CppLab3\Lab3\Employee.h(22,8): message : см. объявление "Records::Employee"
C:\Users\user\Dropbox\Мой ПК (WIN-9HVOQM4TUNA)\Desktop\CppLab3\Lab3\Database.cpp(43,14): error C2027: использование неопределенного типа "Records::Employee"
C:\Users\user\Dropbox\Мой ПК (WIN-9HVOQM4TUNA)\Desktop\CppLab3\Lab3\Employee.h(22,8): message : см. объявление "Records::Employee"
C:\Users\user\Dropbox\Мой ПК (WIN-9HVOQM4TUNA)\Desktop\CppLab3\Lab3\Database.cpp(44,14): error C2027: использование неопределенного типа "Records::Employee"
C:\Users\user\Dropbox\Мой ПК (WIN-9HVOQM4TUNA)\Desktop\CppLab3\Lab3\Employee.h(22,8): message : см. объявление "Records::Employee"
C:\Users\user\Dropbox\Мой ПК (WIN-9HVOQM4TUNA)\Desktop\CppLab3\Lab3\Database.cpp(49,16): error C2027: использование неопределенного типа "Records::Employee"
C:\Users\user\Dropbox\Мой ПК (WIN-9HVOQM4TUNA)\Desktop\CppLab3\Lab3\Employee.h(22,8): message : см. объявление "Records::Employee"
C:\Users\user\Dropbox\Мой ПК (WIN-9HVOQM4TUNA)\Desktop\CppLab3\Lab3\Database.cpp(52,16): error C2027: использование неопределенного типа "Records::Employee"
C:\Users\user\Dropbox\Мой ПК (WIN-9HVOQM4TUNA)\Desktop\CppLab3\Lab3\Employee.h(22,8): message : см. объявление "Records::Employee"
C:\Users\user\Dropbox\Мой ПК (WIN-9HVOQM4TUNA)\Desktop\CppLab3\Lab3\Database.cpp(55,16): error C2027: использование неопределенного типа "Records::Employee"
C:\Users\user\Dropbox\Мой ПК (WIN-9HVOQM4TUNA)\Desktop\CppLab3\Lab3\Employee.h(22,8): message : см. объявление "Records::Employee"
C:\Users\user\Dropbox\Мой ПК (WIN-9HVOQM4TUNA)\Desktop\CppLab3\Lab3\Database.cpp(68): error C2027: использование неопределенного типа "Records::Employee"
C:\Users\user\Dropbox\Мой ПК (WIN-9HVOQM4TUNA)\Desktop\CppLab3\Lab3\Employee.h(22,8): message : см. объявление "Records::Employee"
C:\Users\user\Dropbox\Мой ПК (WIN-9HVOQM4TUNA)\Desktop\CppLab3\Lab3\Database.cpp(78): error C2027: использование неопределенного типа "Records::Employee"
C:\Users\user\Dropbox\Мой ПК (WIN-9HVOQM4TUNA)\Desktop\CppLab3\Lab3\Employee.h(22,8): message : см. объявление "Records::Employee"
C:\Users\user\Dropbox\Мой ПК (WIN-9HVOQM4TUNA)\Desktop\CppLab3\Lab3\Database.cpp(79,1): error C2027: использование неопределенного типа "Records::Employee"
C:\Users\user\Dropbox\Мой ПК (WIN-9HVOQM4TUNA)\Desktop\CppLab3\Lab3\Employee.h(22,8): message : см. объявление "Records::Employee"
C:\Users\user\Dropbox\Мой ПК (WIN-9HVOQM4TUNA)\Desktop\CppLab3\Lab3\Database.cpp(89,17): error C2027: использование неопределенного типа "Records::Employee"
C:\Users\user\Dropbox\Мой ПК (WIN-9HVOQM4TUNA)\Desktop\CppLab3\Lab3\Employee.h(22,8): message : см. объявление "Records::Employee"
C:\Users\user\Dropbox\Мой ПК (WIN-9HVOQM4TUNA)\Desktop\CppLab3\Lab3\Database.cpp(95): error C2027: использование неопределенного типа "Records::Employee"
C:\Users\user\Dropbox\Мой ПК (WIN-9HVOQM4TUNA)\Desktop\CppLab3\Lab3\Employee.h(22,8): message : см. объявление "Records::Employee"
C:\Users\user\Dropbox\Мой ПК (WIN-9HVOQM4TUNA)\Desktop\CppLab3\Lab3\Database.cpp(96,18): error C2027: использование неопределенного типа "Records::Employee"
C:\Users\user\Dropbox\Мой ПК (WIN-9HVOQM4TUNA)\Desktop\CppLab3\Lab3\Employee.h(22,8): message : см. объявление "Records::Employee"
C:\Users\user\Dropbox\Мой ПК (WIN-9HVOQM4TUNA)\Desktop\CppLab3\Lab3\Database.cpp(104): error C2027: использование неопределенного типа "Records::Employee"
C:\Users\user\Dropbox\Мой ПК (WIN-9HVOQM4TUNA)\Desktop\CppLab3\Lab3\Employee.h(22,8): message : см. объявление "Records::Employee"
C:\Users\user\Dropbox\Мой ПК (WIN-9HVOQM4TUNA)\Desktop\CppLab3\Lab3\Database.cpp(105,18): error C2027: использование неопределенного типа "Records::Employee"
C:\Users\user\Dropbox\Мой ПК (WIN-9HVOQM4TUNA)\Desktop\CppLab3\Lab3\Employee.h(22,8): message : см. объявление "Records::Employee"
C:\Users\user\Dropbox\Мой ПК (WIN-9HVOQM4TUNA)\Desktop\CppLab3\Lab3\Database.cpp(113): error C2027: использование неопределенного типа "Records::Employee"
C:\Users\user\Dropbox\Мой ПК (WIN-9HVOQM4TUNA)\Desktop\CppLab3\Lab3\Employee.h(22,8): message : см. объявление "Records::Employee"
C:\Users\user\Dropbox\Мой ПК (WIN-9HVOQM4TUNA)\Desktop\CppLab3\Lab3\Database.cpp(114,18): error C2027: использование неопределенного типа "Records::Employee"
C:\Users\user\Dropbox\Мой ПК (WIN-9HVOQM4TUNA)\Desktop\CppLab3\Lab3\Employee.h(22,8): message : см. объявление "Records::Employee"
C:\Users\user\Dropbox\Мой ПК (WIN-9HVOQM4TUNA)\Desktop\CppLab3\Lab3\Database.cpp(122,31): warning C4267: =: преобразование из "size_t" в "int"; возможна потеря данных
  Employee.cpp
  FileManager.cpp
  Main.cpp
C:\Users\user\Dropbox\Мой ПК (WIN-9HVOQM4TUNA)\Desktop\CppLab3\Lab3\Employee.h(9,12): error C2374: Records::kDefaultStartingSalary: переопределение; множественная инициализация
C:\Users\user\Dropbox\Мой ПК (WIN-9HVOQM4TUNA)\Desktop\CppLab3\Lab3\Employee.h(9,12): message : см. объявление "Records::kDefaultStartingSalary"
C:\Users\user\Dropbox\Мой ПК (WIN-9HVOQM4TUNA)\Desktop\CppLab3\Lab3\Employee.h(11,11): error C2011: Records::Sex: переопределение типа "enum"
C:\Users\user\Dropbox\Мой ПК (WIN-9HVOQM4TUNA)\Desktop\CppLab3\Lab3\Employee.h(11,7): message : см. объявление "Records::Sex"
C:\Users\user\Dropbox\Мой ПК (WIN-9HVOQM4TUNA)\Desktop\CppLab3\Lab3\Employee.h(16,20): error C2011: Records::PositionCode: переопределение типа "enum"
C:\Users\user\Dropbox\Мой ПК (WIN-9HVOQM4TUNA)\Desktop\CppLab3\Lab3\Employee.h(16,7): message : см. объявление "Records::PositionCode"
C:\Users\user\Dropbox\Мой ПК (WIN-9HVOQM4TUNA)\Desktop\CppLab3\Lab3\Employee.h(23,2): error C2011: Records::Employee: переопределение типа "class"
C:\Users\user\Dropbox\Мой ПК (WIN-9HVOQM4TUNA)\Desktop\CppLab3\Lab3\Employee.h(22,8): message : см. объявление "Records::Employee"
C:\Users\user\Dropbox\Мой ПК (WIN-9HVOQM4TUNA)\Desktop\CppLab3\Lab3\Main.cpp(98,29): error C2027: использование неопределенного типа "Records::Sex"
C:\Users\user\Dropbox\Мой ПК (WIN-9HVOQM4TUNA)\Desktop\CppLab3\Lab3\Employee.h(11,7): message : см. объявление "Records::Sex"
C:\Users\user\Dropbox\Мой ПК (WIN-9HVOQM4TUNA)\Desktop\CppLab3\Lab3\Main.cpp(98,41): error C2027: использование неопределенного типа "Records::Sex"
C:\Users\user\Dropbox\Мой ПК (WIN-9HVOQM4TUNA)\Desktop\CppLab3\Lab3\Employee.h(11,7): message : см. объявление "Records::Sex"
C:\Users\user\Dropbox\Мой ПК (WIN-9HVOQM4TUNA)\Desktop\CppLab3\Lab3\Main.cpp(124,6): error C2027: использование неопределенного типа "Records::Employee"
C:\Users\user\Dropbox\Мой ПК (WIN-9HVOQM4TUNA)\Desktop\CppLab3\Lab3\Employee.h(22,8): message : см. объявление "Records::Employee"
C:\Users\user\Dropbox\Мой ПК (WIN-9HVOQM4TUNA)\Desktop\CppLab3\Lab3\Main.cpp(142,6): error C2027: использование неопределенного типа "Records::Employee"
C:\Users\user\Dropbox\Мой ПК (WIN-9HVOQM4TUNA)\Desktop\CppLab3\Lab3\Employee.h(22,8): message : см. объявление "Records::Employee"
  Создание кода...
